<?xml version="1.0" encoding="UTF-8"?>
<!-- Generated by org.testng.reporters.JUnitReportReporter -->
<testsuite hostname="robbie_hp_new" failures="0" tests="2" name="tests.LoginPage_Test" time="18.461" errors="0" timestamp="2025-06-12T10:27:22 EDT" skipped="0">
  <testcase classname="tests.LoginPage_Test" name="VerifyLoginPageTitle" time="10.296"/>
  <testcase classname="tests.LoginPage_Test" name="verifyValidLogin" time="8.165"/>
</testsuite> <!-- tests.LoginPage_Test -->
