<?xml version="1.0" encoding="UTF-8"?>
<!-- Generated by org.testng.reporters.JUnitReportReporter -->
<testsuite hostname="robbie_hp_new" failures="0" tests="3" name="tests.InventoryPage_Test" time="29.108" errors="0" timestamp="2025-06-12T10:27:22 EDT" skipped="0">
  <testcase classname="tests.InventoryPage_Test" name="VerifyAddProductToCart" time="9.463"/>
  <testcase classname="tests.InventoryPage_Test" name="VerifyLogoutFromInventoryPage" time="9.740"/>
  <testcase classname="tests.InventoryPage_Test" name="verifyClickingOnProduct" time="9.905"/>
</testsuite> <!-- tests.InventoryPage_Test -->
