<?xml version="1.0" encoding="UTF-8"?>
<!-- Generated by org.testng.reporters.JUnitReportReporter -->
<testsuite hostname="robbie_hp_new" failures="0" tests="1" name="tests.TestClass" time="0.005" errors="0" timestamp="2025-05-23T16:27:09 EDT" skipped="0">
  <testcase classname="tests.TestClass" name="simpleTest" time="0.005"/>
</testsuite> <!-- tests.TestClass -->
