<?xml version="1.0" encoding="UTF-8"?>
<!-- Generated by org.testng.reporters.JUnitReportReporter -->
<testsuite hostname="robbie_hp_new" failures="0" tests="2" name="tests.LoginPage_Test" time="21.071" errors="0" timestamp="2025-06-12T15:28:27 EDT" skipped="0">
  <testcase classname="tests.LoginPage_Test" name="verifyValidLogin" time="7.880"/>
  <testcase classname="tests.LoginPage_Test" name="VerifyLoginPageTitle" time="13.191"/>
</testsuite> <!-- tests.LoginPage_Test -->
